{ root: '/Users/huangpeisong/Desktop/hmt/hmt/server',
  registry: 'https://registry.npm.taobao.org',
  pkgs: [ { name: 'koa-route', version: '*', type: 'tag' } ],
  production: false,
  cacheDir: '/Users/huangpeisong/.npminstall_tarball',
  env: 
   { npm_config_registry: 'https://registry.npm.taobao.org',
     npm_config_argv: '{"remain":[],"cooked":["--china","--userconfig=/Users/huangpeisong/.cnpmrc","--disturl=https://npm.taobao.org/mirrors/node","--registry=https://registry.npm.taobao.org","koa-route","-s"],"original":["--china","--userconfig=/Users/huangpeisong/.cnpmrc","--disturl=https://npm.taobao.org/mirrors/node","--registry=https://registry.npm.taobao.org","koa-route","-s"]}',
     NODE: '/usr/local/bin/node',
     npm_node_execpath: '/usr/local/bin/node',
     npm_execpath: '/usr/local/lib/node_modules/cnpm/node_modules/npminstall/bin/install.js',
     NODEJS_ORG_MIRROR: 'https://npm.taobao.org/mirrors/node',
     NVM_NODEJS_ORG_MIRROR: 'https://npm.taobao.org/mirrors/node',
     NVM_IOJS_ORG_MIRROR: 'https://npm.taobao.org/mirrors/iojs',
     PHANTOMJS_CDNURL: 'https://npm.taobao.org/mirrors/phantomjs',
     CHROMEDRIVER_CDNURL: 'http://tnpm-hz.oss-cn-hangzhou.aliyuncs.com/dist/chromedriver',
     OPERADRIVER_CDNURL: 'https://npm.taobao.org/mirrors/operadriver',
     ELECTRON_MIRROR: 'https://npm.taobao.org/mirrors/electron/',
     SASS_BINARY_SITE: 'https://npm.taobao.org/mirrors/node-sass',
     FLOW_BINARY_MIRROR: 'https://github.com/facebook/flow/releases/download/v',
     npm_config_userconfig: '/Users/huangpeisong/.cnpmrc',
     npm_config_disturl: 'https://npm.taobao.org/mirrors/node',
     npm_config_r: 'https://registry.npm.taobao.org' },
  binaryMirrors: 
   { ENVS: 
      { NODEJS_ORG_MIRROR: 'https://npm.taobao.org/mirrors/node',
        NVM_NODEJS_ORG_MIRROR: 'https://npm.taobao.org/mirrors/node',
        NVM_IOJS_ORG_MIRROR: 'https://npm.taobao.org/mirrors/iojs',
        PHANTOMJS_CDNURL: 'https://npm.taobao.org/mirrors/phantomjs',
        CHROMEDRIVER_CDNURL: 'https://tnpm-hz.oss-cn-hangzhou.aliyuncs.com/dist/chromedriver',
        OPERADRIVER_CDNURL: 'https://npm.taobao.org/mirrors/operadriver',
        ELECTRON_MIRROR: 'https://npm.taobao.org/mirrors/electron/',
        SASS_BINARY_SITE: 'https://npm.taobao.org/mirrors/node-sass',
        FLOW_BINARY_MIRROR: 'https://github.com/facebook/flow/releases/download/v' },
     leveldown: { host: 'https://npm.taobao.org/mirrors/leveldown/v{version}' },
     'leveldown-hyper': { host: 'https://npm.taobao.org/mirrors/leveldown-hyper/v{version}' },
     mknod: { host: 'https://npm.taobao.org/mirrors/mknod/v{version}' },
     couchbase: { host: 'https://npm.taobao.org/mirrors/couchbase/v{version}' },
     'sodium-prebuilt': { host: 'https://npm.taobao.org/mirrors/sodium-prebuilt/v{version}' },
     'utp-native': { host: 'https://npm.taobao.org/mirrors/utp-native/v{version}' },
     'node-tk5': { host: 'https://npm.taobao.org/mirrors/node-tk5/v{version}' },
     'fuse-bindings': { host: 'https://npm.taobao.org/mirrors/fuse-bindings/v{version}' },
     'zmq-prebuilt': { host: 'https://npm.taobao.org/mirrors/zmq-prebuilt/v{version}' },
     gl: { host: 'https://npm.taobao.org/mirrors/gl/v{version}' },
     hackrf: { host: 'https://npm.taobao.org/mirrors/hackrf/v{version}' },
     rabin: { host: 'https://npm.taobao.org/mirrors/rabin/v{version}' },
     'v8-debug': { host: 'https://npm.taobao.org/mirrors/node-inspector' },
     'v8-profiler': { host: 'https://npm.taobao.org/mirrors/node-inspector' },
     sqlite3: { host: 'https://npm.taobao.org/mirrors' },
     grpc: 
      { host: 'https://npm.taobao.org/mirrors',
        remote_path: '{name}/v{version}' },
     fsevents: { host: 'https://npm.taobao.org/mirrors/fsevents' },
     nodegit: { host: 'https://npm.taobao.org/mirrors/nodegit/v{version}' },
     'flow-bin': 
      { replaceHost: 'https://github.com/facebook/flow/releases/download/v',
        host: 'https://npm.taobao.org/mirrors/flow/v' },
     'jpegtran-bin': { replaceHost: [Object], host: 'https://raw.github.cnpmjs.org' },
     'cwebp-bin': { replaceHost: [Object], host: 'https://raw.github.cnpmjs.org' },
     'zopflipng-bin': { replaceHost: [Object], host: 'https://raw.github.cnpmjs.org' },
     'optipng-bin': { replaceHost: [Object], host: 'https://raw.github.cnpmjs.org' },
     mozjpeg: { replaceHost: [Object], host: 'https://raw.github.cnpmjs.org' },
     gifsicle: { replaceHost: [Object], host: 'https://raw.github.cnpmjs.org' },
     'pngquant-bin': { replaceHost: [Object], host: 'https://raw.github.cnpmjs.org' },
     'pngcrush-bin': { replaceHost: [Object], host: 'https://raw.github.cnpmjs.org' },
     'jpeg-recompress-bin': { replaceHost: [Object], host: 'https://raw.github.cnpmjs.org' },
     'advpng-bin': { replaceHost: [Object], host: 'https://raw.github.cnpmjs.org' },
     'pngout-bin': { replaceHost: [Object], host: 'https://raw.github.cnpmjs.org' },
     'jpegoptim-bin': { replaceHost: [Object], host: 'https://raw.github.cnpmjs.org' } },
  forbiddenLicenses: null,
  strictSSL: true,
  ignoreScripts: false,
  detail: false,
  events: 
   EventEmitter {
     domain: null,
     _events: {},
     _eventsCount: 0,
     _maxListeners: 0,
     await: [Function: await] },
  postInstallTasks: [],
  peerDependencies: [],
  latestVersions: 
   Map {
     'koa-route' => '3.2.0',
     'debug' => '2.6.1',
     'methods' => '1.1.2',
     'path-to-regexp' => '1.7.0' },
  latestPackages: Map {},
  cache: 
   { 'download:koa-route@3.2.0': { done: true },
     'install:koa-route@*': 
      { package: [Object],
        dir: '/Users/huangpeisong/Desktop/hmt/hmt/server/node_modules/.3.2.0@koa-route' },
     'download:debug@2.6.1': { done: true },
     'install:debug@*': 
      { package: [Object],
        dir: '/Users/huangpeisong/Desktop/hmt/hmt/server/node_modules/.2.6.1@debug' },
     'download:methods@1.1.2': { done: true },
     'install:methods@~1.1.0': 
      { package: [Object],
        dir: '/Users/huangpeisong/Desktop/hmt/hmt/server/node_modules/.1.1.2@methods' },
     'install:methods:range:1.2.0': 
      { package: [Object],
        dir: '/Users/huangpeisong/Desktop/hmt/hmt/server/node_modules/.1.1.2@methods' },
     'download:path-to-regexp@1.7.0': { done: true },
     'install:path-to-regexp@^1.2.0': 
      { package: [Object],
        dir: '/Users/huangpeisong/Desktop/hmt/hmt/server/node_modules/.1.7.0@path-to-regexp' },
     'install:path-to-regexp:range:2.0.0': 
      { package: [Object],
        dir: '/Users/huangpeisong/Desktop/hmt/hmt/server/node_modules/.1.7.0@path-to-regexp' } },
  targetDir: '/Users/huangpeisong/Desktop/hmt/hmt/server',
  storeDir: '/Users/huangpeisong/Desktop/hmt/hmt/server/node_modules',
  timeout: 60000,
  console: 
   { info: { [Function: disabled] enabled: false, namespace: 'npminstall:index' },
     log: { [Function: disabled] enabled: false, namespace: 'npminstall:index' },
     error: [Function: bound ],
     warn: [Function: bound ] },
  start: 1488701242499,
  totalTarballSize: 1969,
  totalJSONSize: 29545,
  totalJSONCount: 4,
  localPackages: 0,
  remotePackages: 0,
  registryPackages: 1,
  gitPackages: 0,
  paddingMessages: [],
  recentlyUpdateMinDateTime: 1488096442499,
  recentlyUpdates: Map {},
  onlyShowTodayUpdateToConsole: true,
  installRoot: false,
  referer: 'install koa-route --uuid=c2dd7260-017a-11e7-9160-718b572b2a92' }